Running dynamics for 10 different eff_coupling values:
eff_coupling values: [0.5, 1.0, 1.5, 2.0, 2.5, 3.0, 3.5, 4.0, 4.5, 5.0] MHz
======================================================================

Run 1/10: eff_coupling = 0.5 MHz
--------------------------------------------------
Calculating full dynamics...
Calculating Redfield dynamics...
Calculating rates dynamics...
  All dynamics saved to: ./saved_dynamics/eff_coupling_0.5MHz_20251022_190759.pkl
✓ Successfully completed run 1
  eff_coupling: 0.5 MHz

Run 2/10: eff_coupling = 1.0 MHz
--------------------------------------------------
Calculating full dynamics...
Calculating Redfield dynamics...
Calculating rates dynamics...
  All dynamics saved to: ./saved_dynamics/eff_coupling_1.0MHz_20251022_191258.pkl
✓ Successfully completed run 2
  eff_coupling: 1.0 MHz

Run 3/10: eff_coupling = 1.5 MHz
--------------------------------------------------
Calculating full dynamics...
Calculating Redfield dynamics...
Calculating rates dynamics...
  All dynamics saved to: ./saved_dynamics/eff_coupling_1.5MHz_20251022_191809.pkl
✓ Successfully completed run 3
  eff_coupling: 1.5 MHz

Run 4/10: eff_coupling = 2.0 MHz
--------------------------------------------------
Calculating full dynamics...
Calculating Redfield dynamics...
Calculating rates dynamics...
  All dynamics saved to: ./saved_dynamics/eff_coupling_2.0MHz_20251022_192352.pkl
✓ Successfully completed run 4
  eff_coupling: 2.0 MHz

Run 5/10: eff_coupling = 2.5 MHz
--------------------------------------------------
Calculating full dynamics...
Calculating Redfield dynamics...
Calculating rates dynamics...
  All dynamics saved to: ./saved_dynamics/eff_coupling_2.5MHz_20251022_193008.pkl
✓ Successfully completed run 5
  eff_coupling: 2.5 MHz

Run 6/10: eff_coupling = 3.0 MHz
--------------------------------------------------
Calculating full dynamics...
Calculating Redfield dynamics...
Calculating rates dynamics...
  All dynamics saved to: ./saved_dynamics/eff_coupling_3.0MHz_20251022_193656.pkl
✓ Successfully completed run 6
  eff_coupling: 3.0 MHz

Run 7/10: eff_coupling = 3.5 MHz
--------------------------------------------------
Calculating full dynamics...
Calculating Redfield dynamics...
Calculating rates dynamics...
  All dynamics saved to: ./saved_dynamics/eff_coupling_3.5MHz_20251022_194417.pkl
✓ Successfully completed run 7
  eff_coupling: 3.5 MHz

Run 8/10: eff_coupling = 4.0 MHz
--------------------------------------------------
Calculating full dynamics...
Calculating Redfield dynamics...
Calculating rates dynamics...
  All dynamics saved to: ./saved_dynamics/eff_coupling_4.0MHz_20251022_195209.pkl
✓ Successfully completed run 8
  eff_coupling: 4.0 MHz

Run 9/10: eff_coupling = 4.5 MHz
--------------------------------------------------
Calculating full dynamics...
Calculating Redfield dynamics...
Calculating rates dynamics...
  All dynamics saved to: ./saved_dynamics/eff_coupling_4.5MHz_20251022_200035.pkl
✓ Successfully completed run 9
  eff_coupling: 4.5 MHz

Run 10/10: eff_coupling = 5.0 MHz
--------------------------------------------------
Calculating full dynamics...
Calculating Redfield dynamics...
Calculating rates dynamics...
  All dynamics saved to: ./saved_dynamics/eff_coupling_5.0MHz_20251022_200933.pkl
✓ Successfully completed run 10
  eff_coupling: 5.0 MHz

======================================================================
All eff_coupling sweeps completed!
