Calculating heatmap for κ = 0.3 MHz
Progress: 1/231 (input power: 10 dB, target frequency: -20.0 MHz)
Progress: 2/231 (input power: 10 dB, target frequency: -18.0 MHz)
Progress: 3/231 (input power: 10 dB, target frequency: -16.0 MHz)
Progress: 4/231 (input power: 10 dB, target frequency: -14.0 MHz)
Progress: 5/231 (input power: 10 dB, target frequency: -12.0 MHz)
Progress: 6/231 (input power: 10 dB, target frequency: -10.0 MHz)
Progress: 7/231 (input power: 10 dB, target frequency: -8.0 MHz)
Progress: 8/231 (input power: 10 dB, target frequency: -6.0 MHz)
Progress: 9/231 (input power: 10 dB, target frequency: -4.0 MHz)
Progress: 10/231 (input power: 10 dB, target frequency: -2.0 MHz)
Progress: 11/231 (input power: 10 dB, target frequency: 0.0 MHz)
Progress: 12/231 (input power: 10 dB, target frequency: 2.0 MHz)
Progress: 13/231 (input power: 10 dB, target frequency: 4.0 MHz)
Progress: 14/231 (input power: 10 dB, target frequency: 6.0 MHz)
Progress: 15/231 (input power: 10 dB, target frequency: 8.0 MHz)
Progress: 16/231 (input power: 10 dB, target frequency: 10.0 MHz)
Progress: 17/231 (input power: 10 dB, target frequency: 12.0 MHz)
Progress: 18/231 (input power: 10 dB, target frequency: 14.0 MHz)
Progress: 19/231 (input power: 10 dB, target frequency: 16.0 MHz)
Progress: 20/231 (input power: 10 dB, target frequency: 18.0 MHz)
Progress: 21/231 (input power: 10 dB, target frequency: 20.0 MHz)
Progress: 22/231 (input power: 8 dB, target frequency: -20.0 MHz)
Progress: 23/231 (input power: 8 dB, target frequency: -18.0 MHz)
Progress: 24/231 (input power: 8 dB, target frequency: -16.0 MHz)
Progress: 25/231 (input power: 8 dB, target frequency: -14.0 MHz)
Progress: 26/231 (input power: 8 dB, target frequency: -12.0 MHz)
Progress: 27/231 (input power: 8 dB, target frequency: -10.0 MHz)
Progress: 28/231 (input power: 8 dB, target frequency: -8.0 MHz)
Progress: 29/231 (input power: 8 dB, target frequency: -6.0 MHz)
Progress: 30/231 (input power: 8 dB, target frequency: -4.0 MHz)
Progress: 31/231 (input power: 8 dB, target frequency: -2.0 MHz)
Progress: 32/231 (input power: 8 dB, target frequency: 0.0 MHz)
Progress: 33/231 (input power: 8 dB, target frequency: 2.0 MHz)
Progress: 34/231 (input power: 8 dB, target frequency: 4.0 MHz)
Progress: 35/231 (input power: 8 dB, target frequency: 6.0 MHz)
Progress: 36/231 (input power: 8 dB, target frequency: 8.0 MHz)
Progress: 37/231 (input power: 8 dB, target frequency: 10.0 MHz)
Progress: 38/231 (input power: 8 dB, target frequency: 12.0 MHz)
Progress: 39/231 (input power: 8 dB, target frequency: 14.0 MHz)
Progress: 40/231 (input power: 8 dB, target frequency: 16.0 MHz)
Progress: 41/231 (input power: 8 dB, target frequency: 18.0 MHz)
Progress: 42/231 (input power: 8 dB, target frequency: 20.0 MHz)
Progress: 43/231 (input power: 6 dB, target frequency: -20.0 MHz)
Progress: 44/231 (input power: 6 dB, target frequency: -18.0 MHz)
Progress: 45/231 (input power: 6 dB, target frequency: -16.0 MHz)
Progress: 46/231 (input power: 6 dB, target frequency: -14.0 MHz)
Progress: 47/231 (input power: 6 dB, target frequency: -12.0 MHz)
Progress: 48/231 (input power: 6 dB, target frequency: -10.0 MHz)
Progress: 49/231 (input power: 6 dB, target frequency: -8.0 MHz)
Progress: 50/231 (input power: 6 dB, target frequency: -6.0 MHz)
Progress: 51/231 (input power: 6 dB, target frequency: -4.0 MHz)
Progress: 52/231 (input power: 6 dB, target frequency: -2.0 MHz)
Progress: 53/231 (input power: 6 dB, target frequency: 0.0 MHz)
Progress: 54/231 (input power: 6 dB, target frequency: 2.0 MHz)
Progress: 55/231 (input power: 6 dB, target frequency: 4.0 MHz)
Progress: 56/231 (input power: 6 dB, target frequency: 6.0 MHz)
Progress: 57/231 (input power: 6 dB, target frequency: 8.0 MHz)
Progress: 58/231 (input power: 6 dB, target frequency: 10.0 MHz)
Progress: 59/231 (input power: 6 dB, target frequency: 12.0 MHz)
Progress: 60/231 (input power: 6 dB, target frequency: 14.0 MHz)
Progress: 61/231 (input power: 6 dB, target frequency: 16.0 MHz)
Progress: 62/231 (input power: 6 dB, target frequency: 18.0 MHz)
Progress: 63/231 (input power: 6 dB, target frequency: 20.0 MHz)
Progress: 64/231 (input power: 4 dB, target frequency: -20.0 MHz)
Progress: 65/231 (input power: 4 dB, target frequency: -18.0 MHz)
Progress: 66/231 (input power: 4 dB, target frequency: -16.0 MHz)
Progress: 67/231 (input power: 4 dB, target frequency: -14.0 MHz)
Progress: 68/231 (input power: 4 dB, target frequency: -12.0 MHz)
Progress: 69/231 (input power: 4 dB, target frequency: -10.0 MHz)
Progress: 70/231 (input power: 4 dB, target frequency: -8.0 MHz)
Progress: 71/231 (input power: 4 dB, target frequency: -6.0 MHz)
Progress: 72/231 (input power: 4 dB, target frequency: -4.0 MHz)
Progress: 73/231 (input power: 4 dB, target frequency: -2.0 MHz)
Progress: 74/231 (input power: 4 dB, target frequency: 0.0 MHz)
Progress: 75/231 (input power: 4 dB, target frequency: 2.0 MHz)
Progress: 76/231 (input power: 4 dB, target frequency: 4.0 MHz)
Progress: 77/231 (input power: 4 dB, target frequency: 6.0 MHz)
Progress: 78/231 (input power: 4 dB, target frequency: 8.0 MHz)
Progress: 79/231 (input power: 4 dB, target frequency: 10.0 MHz)
Progress: 80/231 (input power: 4 dB, target frequency: 12.0 MHz)
Progress: 81/231 (input power: 4 dB, target frequency: 14.0 MHz)
Progress: 82/231 (input power: 4 dB, target frequency: 16.0 MHz)
Progress: 83/231 (input power: 4 dB, target frequency: 18.0 MHz)
Progress: 84/231 (input power: 4 dB, target frequency: 20.0 MHz)
Progress: 85/231 (input power: 2 dB, target frequency: -20.0 MHz)
Progress: 86/231 (input power: 2 dB, target frequency: -18.0 MHz)
Progress: 87/231 (input power: 2 dB, target frequency: -16.0 MHz)
Progress: 88/231 (input power: 2 dB, target frequency: -14.0 MHz)
Progress: 89/231 (input power: 2 dB, target frequency: -12.0 MHz)
Progress: 90/231 (input power: 2 dB, target frequency: -10.0 MHz)
Progress: 91/231 (input power: 2 dB, target frequency: -8.0 MHz)
Progress: 92/231 (input power: 2 dB, target frequency: -6.0 MHz)
Progress: 93/231 (input power: 2 dB, target frequency: -4.0 MHz)
Progress: 94/231 (input power: 2 dB, target frequency: -2.0 MHz)
Progress: 95/231 (input power: 2 dB, target frequency: 0.0 MHz)
Progress: 96/231 (input power: 2 dB, target frequency: 2.0 MHz)
Progress: 97/231 (input power: 2 dB, target frequency: 4.0 MHz)
Progress: 98/231 (input power: 2 dB, target frequency: 6.0 MHz)
Progress: 99/231 (input power: 2 dB, target frequency: 8.0 MHz)
Progress: 100/231 (input power: 2 dB, target frequency: 10.0 MHz)
Progress: 101/231 (input power: 2 dB, target frequency: 12.0 MHz)
Progress: 102/231 (input power: 2 dB, target frequency: 14.0 MHz)
Progress: 103/231 (input power: 2 dB, target frequency: 16.0 MHz)
Progress: 104/231 (input power: 2 dB, target frequency: 18.0 MHz)
Progress: 105/231 (input power: 2 dB, target frequency: 20.0 MHz)
Progress: 106/231 (input power: 0 dB, target frequency: -20.0 MHz)
Progress: 107/231 (input power: 0 dB, target frequency: -18.0 MHz)
Progress: 108/231 (input power: 0 dB, target frequency: -16.0 MHz)
Progress: 109/231 (input power: 0 dB, target frequency: -14.0 MHz)
Progress: 110/231 (input power: 0 dB, target frequency: -12.0 MHz)
Progress: 111/231 (input power: 0 dB, target frequency: -10.0 MHz)
Progress: 112/231 (input power: 0 dB, target frequency: -8.0 MHz)
Progress: 113/231 (input power: 0 dB, target frequency: -6.0 MHz)
Progress: 114/231 (input power: 0 dB, target frequency: -4.0 MHz)
Progress: 115/231 (input power: 0 dB, target frequency: -2.0 MHz)
Progress: 116/231 (input power: 0 dB, target frequency: 0.0 MHz)
Progress: 117/231 (input power: 0 dB, target frequency: 2.0 MHz)
Progress: 118/231 (input power: 0 dB, target frequency: 4.0 MHz)
Progress: 119/231 (input power: 0 dB, target frequency: 6.0 MHz)
Progress: 120/231 (input power: 0 dB, target frequency: 8.0 MHz)
Progress: 121/231 (input power: 0 dB, target frequency: 10.0 MHz)
Progress: 122/231 (input power: 0 dB, target frequency: 12.0 MHz)
Progress: 123/231 (input power: 0 dB, target frequency: 14.0 MHz)
Progress: 124/231 (input power: 0 dB, target frequency: 16.0 MHz)
Progress: 125/231 (input power: 0 dB, target frequency: 18.0 MHz)
Progress: 126/231 (input power: 0 dB, target frequency: 20.0 MHz)
Progress: 127/231 (input power: -2 dB, target frequency: -20.0 MHz)
Progress: 128/231 (input power: -2 dB, target frequency: -18.0 MHz)
Progress: 129/231 (input power: -2 dB, target frequency: -16.0 MHz)
Progress: 130/231 (input power: -2 dB, target frequency: -14.0 MHz)
Progress: 131/231 (input power: -2 dB, target frequency: -12.0 MHz)
Progress: 132/231 (input power: -2 dB, target frequency: -10.0 MHz)
Progress: 133/231 (input power: -2 dB, target frequency: -8.0 MHz)
Progress: 134/231 (input power: -2 dB, target frequency: -6.0 MHz)
Progress: 135/231 (input power: -2 dB, target frequency: -4.0 MHz)
Progress: 136/231 (input power: -2 dB, target frequency: -2.0 MHz)
Progress: 137/231 (input power: -2 dB, target frequency: 0.0 MHz)
Progress: 138/231 (input power: -2 dB, target frequency: 2.0 MHz)
Progress: 139/231 (input power: -2 dB, target frequency: 4.0 MHz)
Progress: 140/231 (input power: -2 dB, target frequency: 6.0 MHz)
Progress: 141/231 (input power: -2 dB, target frequency: 8.0 MHz)
Progress: 142/231 (input power: -2 dB, target frequency: 10.0 MHz)
Progress: 143/231 (input power: -2 dB, target frequency: 12.0 MHz)
Progress: 144/231 (input power: -2 dB, target frequency: 14.0 MHz)
Progress: 145/231 (input power: -2 dB, target frequency: 16.0 MHz)
Progress: 146/231 (input power: -2 dB, target frequency: 18.0 MHz)
Progress: 147/231 (input power: -2 dB, target frequency: 20.0 MHz)
Progress: 148/231 (input power: -4 dB, target frequency: -20.0 MHz)
Progress: 149/231 (input power: -4 dB, target frequency: -18.0 MHz)
Progress: 150/231 (input power: -4 dB, target frequency: -16.0 MHz)
Progress: 151/231 (input power: -4 dB, target frequency: -14.0 MHz)
Progress: 152/231 (input power: -4 dB, target frequency: -12.0 MHz)
Progress: 153/231 (input power: -4 dB, target frequency: -10.0 MHz)
Progress: 154/231 (input power: -4 dB, target frequency: -8.0 MHz)
Progress: 155/231 (input power: -4 dB, target frequency: -6.0 MHz)
Progress: 156/231 (input power: -4 dB, target frequency: -4.0 MHz)
Progress: 157/231 (input power: -4 dB, target frequency: -2.0 MHz)
Progress: 158/231 (input power: -4 dB, target frequency: 0.0 MHz)
Progress: 159/231 (input power: -4 dB, target frequency: 2.0 MHz)
Progress: 160/231 (input power: -4 dB, target frequency: 4.0 MHz)
Progress: 161/231 (input power: -4 dB, target frequency: 6.0 MHz)
Progress: 162/231 (input power: -4 dB, target frequency: 8.0 MHz)
Progress: 163/231 (input power: -4 dB, target frequency: 10.0 MHz)
Progress: 164/231 (input power: -4 dB, target frequency: 12.0 MHz)
Progress: 165/231 (input power: -4 dB, target frequency: 14.0 MHz)
Progress: 166/231 (input power: -4 dB, target frequency: 16.0 MHz)
Progress: 167/231 (input power: -4 dB, target frequency: 18.0 MHz)
Progress: 168/231 (input power: -4 dB, target frequency: 20.0 MHz)
Progress: 169/231 (input power: -6 dB, target frequency: -20.0 MHz)
Progress: 170/231 (input power: -6 dB, target frequency: -18.0 MHz)
Progress: 171/231 (input power: -6 dB, target frequency: -16.0 MHz)
Progress: 172/231 (input power: -6 dB, target frequency: -14.0 MHz)
Progress: 173/231 (input power: -6 dB, target frequency: -12.0 MHz)
Progress: 174/231 (input power: -6 dB, target frequency: -10.0 MHz)
Progress: 175/231 (input power: -6 dB, target frequency: -8.0 MHz)
Progress: 176/231 (input power: -6 dB, target frequency: -6.0 MHz)
Progress: 177/231 (input power: -6 dB, target frequency: -4.0 MHz)
Progress: 178/231 (input power: -6 dB, target frequency: -2.0 MHz)
Progress: 179/231 (input power: -6 dB, target frequency: 0.0 MHz)
Progress: 180/231 (input power: -6 dB, target frequency: 2.0 MHz)
Progress: 181/231 (input power: -6 dB, target frequency: 4.0 MHz)
Progress: 182/231 (input power: -6 dB, target frequency: 6.0 MHz)
Progress: 183/231 (input power: -6 dB, target frequency: 8.0 MHz)
Progress: 184/231 (input power: -6 dB, target frequency: 10.0 MHz)
Progress: 185/231 (input power: -6 dB, target frequency: 12.0 MHz)
Progress: 186/231 (input power: -6 dB, target frequency: 14.0 MHz)
Progress: 187/231 (input power: -6 dB, target frequency: 16.0 MHz)
Progress: 188/231 (input power: -6 dB, target frequency: 18.0 MHz)
Progress: 189/231 (input power: -6 dB, target frequency: 20.0 MHz)
Progress: 190/231 (input power: -8 dB, target frequency: -20.0 MHz)
Progress: 191/231 (input power: -8 dB, target frequency: -18.0 MHz)
Progress: 192/231 (input power: -8 dB, target frequency: -16.0 MHz)
Progress: 193/231 (input power: -8 dB, target frequency: -14.0 MHz)
Progress: 194/231 (input power: -8 dB, target frequency: -12.0 MHz)
Progress: 195/231 (input power: -8 dB, target frequency: -10.0 MHz)
Progress: 196/231 (input power: -8 dB, target frequency: -8.0 MHz)
Progress: 197/231 (input power: -8 dB, target frequency: -6.0 MHz)
Progress: 198/231 (input power: -8 dB, target frequency: -4.0 MHz)
Progress: 199/231 (input power: -8 dB, target frequency: -2.0 MHz)
Progress: 200/231 (input power: -8 dB, target frequency: 0.0 MHz)
Progress: 201/231 (input power: -8 dB, target frequency: 2.0 MHz)
Progress: 202/231 (input power: -8 dB, target frequency: 4.0 MHz)
Progress: 203/231 (input power: -8 dB, target frequency: 6.0 MHz)
Progress: 204/231 (input power: -8 dB, target frequency: 8.0 MHz)
Progress: 205/231 (input power: -8 dB, target frequency: 10.0 MHz)
Progress: 206/231 (input power: -8 dB, target frequency: 12.0 MHz)
Progress: 207/231 (input power: -8 dB, target frequency: 14.0 MHz)
Progress: 208/231 (input power: -8 dB, target frequency: 16.0 MHz)
Progress: 209/231 (input power: -8 dB, target frequency: 18.0 MHz)
Progress: 210/231 (input power: -8 dB, target frequency: 20.0 MHz)
Progress: 211/231 (input power: -10 dB, target frequency: -20.0 MHz)
Progress: 212/231 (input power: -10 dB, target frequency: -18.0 MHz)
Progress: 213/231 (input power: -10 dB, target frequency: -16.0 MHz)
Progress: 214/231 (input power: -10 dB, target frequency: -14.0 MHz)
Progress: 215/231 (input power: -10 dB, target frequency: -12.0 MHz)
Progress: 216/231 (input power: -10 dB, target frequency: -10.0 MHz)
Progress: 217/231 (input power: -10 dB, target frequency: -8.0 MHz)
Progress: 218/231 (input power: -10 dB, target frequency: -6.0 MHz)
Progress: 219/231 (input power: -10 dB, target frequency: -4.0 MHz)
Progress: 220/231 (input power: -10 dB, target frequency: -2.0 MHz)
Progress: 221/231 (input power: -10 dB, target frequency: 0.0 MHz)
Progress: 222/231 (input power: -10 dB, target frequency: 2.0 MHz)
Progress: 223/231 (input power: -10 dB, target frequency: 4.0 MHz)
Progress: 224/231 (input power: -10 dB, target frequency: 6.0 MHz)
Progress: 225/231 (input power: -10 dB, target frequency: 8.0 MHz)
Progress: 226/231 (input power: -10 dB, target frequency: 10.0 MHz)
Progress: 227/231 (input power: -10 dB, target frequency: 12.0 MHz)
Progress: 228/231 (input power: -10 dB, target frequency: 14.0 MHz)
Progress: 229/231 (input power: -10 dB, target frequency: 16.0 MHz)
Progress: 230/231 (input power: -10 dB, target frequency: 18.0 MHz)
Progress: 231/231 (input power: -10 dB, target frequency: 20.0 MHz)
Results saved to:
  ./diss_rate_results/rabi_sweep_kappa_0.3MHz_2025-10-20T19-32-05.npz
  ./diss_rate_results/rabi_sweep_kappa_0.3MHz_2025-10-20T19-32-05.pkl
