Running dynamics for 10 different qubit_targetz values:
qubit_targetz values: [ 0.          5.55555556 11.11111111 16.66666667 22.22222222 27.77777778
 33.33333333 38.88888889 44.44444444 50.        ]
============================================================

Run 1/10: qubit_targetz = 0.00 MHz
----------------------------------------
Dynamics saved to: ./saved_dynamics/dynamics_20251022_171135.pkl
✓ Successfully completed run 1
  Saved to: None

Run 2/10: qubit_targetz = 5.56 MHz
----------------------------------------
Dynamics saved to: ./saved_dynamics/dynamics_20251022_171510.pkl
✓ Successfully completed run 2
  Saved to: None

Run 3/10: qubit_targetz = 11.11 MHz
----------------------------------------
Dynamics saved to: ./saved_dynamics/dynamics_20251022_171844.pkl
✓ Successfully completed run 3
  Saved to: None

Run 4/10: qubit_targetz = 16.67 MHz
----------------------------------------
Dynamics saved to: ./saved_dynamics/dynamics_20251022_172217.pkl
✓ Successfully completed run 4
  Saved to: None

Run 5/10: qubit_targetz = 22.22 MHz
----------------------------------------
Dynamics saved to: ./saved_dynamics/dynamics_20251022_172551.pkl
✓ Successfully completed run 5
  Saved to: None

Run 6/10: qubit_targetz = 27.78 MHz
----------------------------------------
Dynamics saved to: ./saved_dynamics/dynamics_20251022_172925.pkl
✓ Successfully completed run 6
  Saved to: None

Run 7/10: qubit_targetz = 33.33 MHz
----------------------------------------
Dynamics saved to: ./saved_dynamics/dynamics_20251022_173259.pkl
✓ Successfully completed run 7
  Saved to: None

Run 8/10: qubit_targetz = 38.89 MHz
----------------------------------------
Dynamics saved to: ./saved_dynamics/dynamics_20251022_173633.pkl
✓ Successfully completed run 8
  Saved to: None

Run 9/10: qubit_targetz = 44.44 MHz
----------------------------------------
Dynamics saved to: ./saved_dynamics/dynamics_20251022_174008.pkl
✓ Successfully completed run 9
  Saved to: None

Run 10/10: qubit_targetz = 50.00 MHz
----------------------------------------
Dynamics saved to: ./saved_dynamics/dynamics_20251022_174343.pkl
✓ Successfully completed run 10
  Saved to: None

============================================================
All runs completed!

Loading the most recent dynamics file for verification...
Dynamics loaded from: ./saved_dynamics/dynamics_20251022_174343.pkl
Timestamp: 20251022_174343
Description: Dynamics for N=10, κ=4.3MHz
Parameters: {'N': 10, 'final_time__mus': 20, 'time_steps': 1000, 'input_power': 0, 'rabi_freq': 56548667.76461627, 'eff_coupling': 6283185.307179586, 'qubit_targetz': 50.0, 'cavity_diss_rate': 27017696.82087222, 'norm': 6283185.307179586, 'initial_state_qubit': Quantum object: dims=[[2], [1]], shape=(2, 1), type='ket', dtype=Dense
Qobj data =
[[-0.70710647]
 [ 0.70710709]]}
✓ Successfully loaded latest dynamics
  qubit_targetz: 50.0 MHz
  Number of time steps: 1000
